Nov 24, 2017 6:54:24 PM sharon.app.IncomingConnections run
WARNING: Rejected Connection to: /127.0.0.1 <Bad Handshake>
Nov 24, 2017 6:54:24 PM sharon.app.IncomingConnections run
INFO: Connection Established too: /127.0.0.1
Nov 24, 2017 6:54:29 PM sharon.app.Download run
WARNING: Connection reset
Nov 24, 2017 6:54:54 PM sharon.app.IncomingConnections run
WARNING: Rejected Connection to: /127.0.0.1 <Bad Handshake>
Nov 24, 2017 6:54:54 PM sharon.app.IncomingConnections run
INFO: Connection Established too: /127.0.0.1
Nov 24, 2017 6:54:54 PM sharon.app.Download run
INFO: Sending: BeeMove.txt
Nov 24, 2017 6:54:56 PM sharon.app.Download run
INFO: BeeMove.txtFile Sent
Nov 24, 2017 6:54:56 PM sharon.app.Download run
INFO: Sending: test.txt
Nov 24, 2017 6:54:56 PM sharon.app.Download run
INFO: test.txtFile Sent
Nov 24, 2017 6:54:56 PM sharon.app.Download run
INFO: Sending: test1.txt
Nov 24, 2017 6:54:56 PM sharon.app.Download run
INFO: test1.txtFile Sent
Nov 24, 2017 6:54:56 PM sharon.app.Download run
INFO: Sending: test2.txt
Nov 24, 2017 6:54:56 PM sharon.app.Download run
INFO: test2.txtFile Sent
Nov 24, 2017 6:54:56 PM sharon.app.Download run
WARNING: Connection reset
Nov 24, 2017 6:56:55 PM sharon.app.IncomingConnections run
WARNING: Rejected Connection to: /127.0.0.1 <Bad Handshake>
Nov 24, 2017 6:56:55 PM sharon.app.IncomingConnections run
INFO: Connection Established too: /127.0.0.1
Nov 24, 2017 6:56:55 PM sharon.app.Download run
INFO: Sending: BeeMove.txt
Nov 24, 2017 6:56:56 PM sharon.app.Download run
INFO: BeeMove.txtFile Sent
Nov 24, 2017 6:56:56 PM sharon.app.Download run
INFO: Sending: test.txt
Nov 24, 2017 6:56:56 PM sharon.app.Download run
INFO: test.txtFile Sent
Nov 24, 2017 6:56:56 PM sharon.app.Download run
INFO: Sending: test1.txt
Nov 24, 2017 6:56:56 PM sharon.app.Download run
INFO: test1.txtFile Sent
Nov 24, 2017 6:56:56 PM sharon.app.Download run
INFO: Sending: test2.txt
Nov 24, 2017 6:56:56 PM sharon.app.Download run
INFO: test2.txtFile Sent
Nov 24, 2017 6:56:56 PM sharon.app.Download run
WARNING: Connection reset
